2024-06-17 13:27:53,698 [Worker-16] INFO  o.e.m.c.i.l.LifecycleMappingFactory - Using org.eclipse.m2e.jdt.JarLifecycleMapping lifecycle mapping for MavenProject: com.ts:nexux:0.0.1-SNAPSHOT @ C:\Users\USER\Desktop\INVENTORY-NEXUS\Backend\Store_Pro\nexux\pom.xml.
2024-06-17 13:27:58,699 [Worker-16] INFO  o.e.m.c.i.embedder.EclipseLogger - Using 'UTF-8' encoding to copy filtered resources.
2024-06-17 13:27:58,699 [Worker-16] INFO  o.e.m.c.i.embedder.EclipseLogger - Using 'UTF-8' encoding to copy filtered properties files.
2024-06-17 13:27:58,705 [Worker-16] INFO  o.e.m.c.i.embedder.EclipseLogger - Copying 1 resource
2024-06-17 13:27:58,858 [Worker-16] INFO  o.e.m.c.i.embedder.EclipseLogger - Copying 0 resource
2024-06-17 13:27:58,863 [Worker-16] INFO  o.e.m.c.i.embedder.EclipseLogger - Using 'UTF-8' encoding to copy filtered resources.
2024-06-17 13:27:58,863 [Worker-16] INFO  o.e.m.c.i.embedder.EclipseLogger - Using 'UTF-8' encoding to copy filtered properties files.
2024-06-17 13:27:58,863 [Worker-16] INFO  o.e.m.c.i.embedder.EclipseLogger - skip non existing resourceDirectory C:\Users\USER\Desktop\INVENTORY-NEXUS\Backend\Store_Pro\nexux\src\test\resources
2024-06-17 13:28:00,971 [Worker-2] INFO  o.e.m.c.i.l.LifecycleMappingFactory - Using org.eclipse.m2e.jdt.JarLifecycleMapping lifecycle mapping for MavenProject: com.ts:nexux:0.0.1-SNAPSHOT @ C:\Users\USER\Desktop\INVENTORY-NEXUS\Backend\Store_Pro\nexux\pom.xml.
2024-06-17 13:28:04,220 [Worker-11] INFO  o.e.m.c.i.embedder.EclipseLogger - Using 'UTF-8' encoding to copy filtered resources.
2024-06-17 13:28:04,220 [Worker-11] INFO  o.e.m.c.i.embedder.EclipseLogger - Using 'UTF-8' encoding to copy filtered properties files.
2024-06-17 13:28:04,225 [Worker-11] INFO  o.e.m.c.i.embedder.EclipseLogger - Copying 0 resource
2024-06-17 13:28:04,226 [Worker-11] INFO  o.e.m.c.i.embedder.EclipseLogger - Copying 0 resource
2024-06-17 13:28:04,230 [Worker-11] INFO  o.e.m.c.i.embedder.EclipseLogger - Using 'UTF-8' encoding to copy filtered resources.
2024-06-17 13:28:04,230 [Worker-11] INFO  o.e.m.c.i.embedder.EclipseLogger - Using 'UTF-8' encoding to copy filtered properties files.
2024-06-17 13:28:04,230 [Worker-11] INFO  o.e.m.c.i.embedder.EclipseLogger - skip non existing resourceDirectory C:\Users\USER\Desktop\INVENTORY-NEXUS\Backend\Store_Pro\nexux\src\test\resources
2024-06-17 13:29:47,050 [Worker-17] INFO  o.e.m.c.i.embedder.EclipseLogger - Using 'UTF-8' encoding to copy filtered resources.
2024-06-17 13:29:47,050 [Worker-17] INFO  o.e.m.c.i.embedder.EclipseLogger - Using 'UTF-8' encoding to copy filtered properties files.
2024-06-17 13:29:47,055 [Worker-17] INFO  o.e.m.c.i.embedder.EclipseLogger - Copying 1 resource
2024-06-17 13:29:47,105 [Worker-17] INFO  o.e.m.c.i.embedder.EclipseLogger - Copying 0 resource
2024-06-17 13:29:47,108 [Worker-17] INFO  o.e.m.c.i.embedder.EclipseLogger - Using 'UTF-8' encoding to copy filtered resources.
2024-06-17 13:29:47,108 [Worker-17] INFO  o.e.m.c.i.embedder.EclipseLogger - Using 'UTF-8' encoding to copy filtered properties files.
2024-06-17 13:29:47,108 [Worker-17] INFO  o.e.m.c.i.embedder.EclipseLogger - skip non existing resourceDirectory C:\Users\USER\Desktop\INVENTORY-NEXUS\Backend\Store_Pro\nexux\src\test\resources
2024-06-18 09:10:04,396 [Worker-8] INFO  o.e.m.c.i.embedder.EclipseLogger - Using 'UTF-8' encoding to copy filtered resources.
2024-06-18 09:10:04,415 [Worker-8] INFO  o.e.m.c.i.embedder.EclipseLogger - Using 'UTF-8' encoding to copy filtered properties files.
2024-06-18 09:10:04,429 [Worker-8] INFO  o.e.m.c.i.embedder.EclipseLogger - Copying 1 resource
2024-06-18 09:10:04,908 [Worker-8] INFO  o.e.m.c.i.embedder.EclipseLogger - Copying 0 resource
2024-06-18 09:10:04,914 [Worker-8] INFO  o.e.m.c.i.embedder.EclipseLogger - Using 'UTF-8' encoding to copy filtered resources.
2024-06-18 09:10:04,914 [Worker-8] INFO  o.e.m.c.i.embedder.EclipseLogger - Using 'UTF-8' encoding to copy filtered properties files.
2024-06-18 09:10:04,914 [Worker-8] INFO  o.e.m.c.i.embedder.EclipseLogger - skip non existing resourceDirectory C:\Users\USER\Desktop\INVENTORY-NEXUS\Backend\Store_Pro\nexux\src\test\resources
2024-06-18 09:10:18,950 [Worker-5] INFO  o.e.m.c.i.l.LifecycleMappingFactory - Using org.eclipse.m2e.jdt.JarLifecycleMapping lifecycle mapping for MavenProject: com.ts:nexux:0.0.1-SNAPSHOT @ C:\Users\USER\Desktop\INVENTORY-NEXUS\Backend\Store_Pro\nexux\pom.xml.
2024-06-18 09:10:22,128 [Worker-5] INFO  o.e.m.c.i.embedder.EclipseLogger - Using 'UTF-8' encoding to copy filtered resources.
2024-06-18 09:10:22,128 [Worker-5] INFO  o.e.m.c.i.embedder.EclipseLogger - Using 'UTF-8' encoding to copy filtered properties files.
2024-06-18 09:10:22,139 [Worker-5] INFO  o.e.m.c.i.embedder.EclipseLogger - Copying 1 resource
2024-06-18 09:10:22,184 [Worker-5] INFO  o.e.m.c.i.embedder.EclipseLogger - Copying 0 resource
2024-06-18 09:10:22,200 [Worker-5] INFO  o.e.m.c.i.embedder.EclipseLogger - Using 'UTF-8' encoding to copy filtered resources.
2024-06-18 09:10:22,200 [Worker-5] INFO  o.e.m.c.i.embedder.EclipseLogger - Using 'UTF-8' encoding to copy filtered properties files.
2024-06-18 09:10:22,200 [Worker-5] INFO  o.e.m.c.i.embedder.EclipseLogger - skip non existing resourceDirectory C:\Users\USER\Desktop\INVENTORY-NEXUS\Backend\Store_Pro\nexux\src\test\resources
2024-06-18 09:10:26,034 [Worker-15] INFO  o.e.m.c.i.embedder.EclipseLogger - Using 'UTF-8' encoding to copy filtered resources.
2024-06-18 09:10:26,035 [Worker-15] INFO  o.e.m.c.i.embedder.EclipseLogger - Using 'UTF-8' encoding to copy filtered properties files.
2024-06-18 09:10:26,047 [Worker-15] INFO  o.e.m.c.i.embedder.EclipseLogger - Copying 1 resource
2024-06-18 09:10:26,055 [Worker-15] INFO  o.e.m.c.i.embedder.EclipseLogger - Copying 0 resource
2024-06-18 09:10:26,058 [Worker-15] INFO  o.e.m.c.i.embedder.EclipseLogger - Using 'UTF-8' encoding to copy filtered resources.
2024-06-18 09:10:26,058 [Worker-15] INFO  o.e.m.c.i.embedder.EclipseLogger - Using 'UTF-8' encoding to copy filtered properties files.
2024-06-18 09:10:26,058 [Worker-15] INFO  o.e.m.c.i.embedder.EclipseLogger - skip non existing resourceDirectory C:\Users\USER\Desktop\INVENTORY-NEXUS\Backend\Store_Pro\nexux\src\test\resources
2024-06-18 09:11:30,079 [Worker-8] INFO  o.e.m.c.i.embedder.EclipseLogger - Using 'UTF-8' encoding to copy filtered resources.
2024-06-18 09:11:30,079 [Worker-8] INFO  o.e.m.c.i.embedder.EclipseLogger - Using 'UTF-8' encoding to copy filtered properties files.
2024-06-18 09:11:30,081 [Worker-8] INFO  o.e.m.c.i.embedder.EclipseLogger - Copying 1 resource
2024-06-18 09:11:30,103 [Worker-8] INFO  o.e.m.c.i.embedder.EclipseLogger - Copying 0 resource
2024-06-18 09:11:30,110 [Worker-8] INFO  o.e.m.c.i.embedder.EclipseLogger - Using 'UTF-8' encoding to copy filtered resources.
2024-06-18 09:11:30,110 [Worker-8] INFO  o.e.m.c.i.embedder.EclipseLogger - Using 'UTF-8' encoding to copy filtered properties files.
2024-06-18 09:11:30,113 [Worker-8] INFO  o.e.m.c.i.embedder.EclipseLogger - skip non existing resourceDirectory C:\Users\USER\Desktop\INVENTORY-NEXUS\Backend\Store_Pro\nexux\src\test\resources
2024-06-18 09:14:29,844 [Worker-0] INFO  o.e.m.c.i.embedder.EclipseLogger - Using 'UTF-8' encoding to copy filtered resources.
2024-06-18 09:14:29,844 [Worker-0] INFO  o.e.m.c.i.embedder.EclipseLogger - Using 'UTF-8' encoding to copy filtered properties files.
2024-06-18 09:14:29,845 [Worker-0] INFO  o.e.m.c.i.embedder.EclipseLogger - Copying 1 resource
2024-06-18 09:14:29,852 [Worker-0] INFO  o.e.m.c.i.embedder.EclipseLogger - Copying 0 resource
2024-06-18 09:14:29,855 [Worker-0] INFO  o.e.m.c.i.embedder.EclipseLogger - Using 'UTF-8' encoding to copy filtered resources.
2024-06-18 09:14:29,856 [Worker-0] INFO  o.e.m.c.i.embedder.EclipseLogger - Using 'UTF-8' encoding to copy filtered properties files.
2024-06-18 09:14:29,856 [Worker-0] INFO  o.e.m.c.i.embedder.EclipseLogger - skip non existing resourceDirectory C:\Users\USER\Desktop\INVENTORY-NEXUS\Backend\Store_Pro\nexux\src\test\resources
2024-06-18 12:23:08,031 [Worker-59] INFO  o.e.m.c.i.l.LifecycleMappingFactory - Using org.eclipse.m2e.jdt.JarLifecycleMapping lifecycle mapping for MavenProject: com.ts:nexux:0.0.1-SNAPSHOT @ C:\Users\USER\Desktop\INVENTORY-NEXUS\Backend\Store_Pro\nexux\pom.xml.
2024-06-18 12:23:20,107 [Worker-59] INFO  o.e.m.c.i.embedder.EclipseLogger - Using 'UTF-8' encoding to copy filtered resources.
2024-06-18 12:23:20,107 [Worker-59] INFO  o.e.m.c.i.embedder.EclipseLogger - Using 'UTF-8' encoding to copy filtered properties files.
2024-06-18 12:23:20,112 [Worker-59] INFO  o.e.m.c.i.embedder.EclipseLogger - Copying 1 resource
2024-06-18 12:23:20,152 [Worker-59] INFO  o.e.m.c.i.embedder.EclipseLogger - Copying 0 resource
2024-06-18 12:23:20,156 [Worker-59] INFO  o.e.m.c.i.embedder.EclipseLogger - Using 'UTF-8' encoding to copy filtered resources.
2024-06-18 12:23:20,156 [Worker-59] INFO  o.e.m.c.i.embedder.EclipseLogger - Using 'UTF-8' encoding to copy filtered properties files.
2024-06-18 12:23:20,156 [Worker-59] INFO  o.e.m.c.i.embedder.EclipseLogger - skip non existing resourceDirectory C:\Users\USER\Desktop\INVENTORY-NEXUS\Backend\Store_Pro\nexux\src\test\resources
2024-06-18 12:23:27,357 [Worker-62] INFO  o.e.m.c.i.embedder.EclipseLogger - Using 'UTF-8' encoding to copy filtered resources.
2024-06-18 12:23:27,358 [Worker-62] INFO  o.e.m.c.i.embedder.EclipseLogger - Using 'UTF-8' encoding to copy filtered properties files.
2024-06-18 12:23:27,368 [Worker-62] INFO  o.e.m.c.i.embedder.EclipseLogger - Copying 1 resource
2024-06-18 12:23:27,372 [Worker-62] INFO  o.e.m.c.i.embedder.EclipseLogger - Copying 0 resource
2024-06-18 12:23:27,376 [Worker-62] INFO  o.e.m.c.i.embedder.EclipseLogger - Using 'UTF-8' encoding to copy filtered resources.
2024-06-18 12:23:27,376 [Worker-62] INFO  o.e.m.c.i.embedder.EclipseLogger - Using 'UTF-8' encoding to copy filtered properties files.
2024-06-18 12:23:27,376 [Worker-62] INFO  o.e.m.c.i.embedder.EclipseLogger - skip non existing resourceDirectory C:\Users\USER\Desktop\INVENTORY-NEXUS\Backend\Store_Pro\nexux\src\test\resources
2024-06-18 12:23:34,257 [Worker-61] INFO  o.e.m.c.i.embedder.EclipseLogger - Using 'UTF-8' encoding to copy filtered resources.
2024-06-18 12:23:34,258 [Worker-61] INFO  o.e.m.c.i.embedder.EclipseLogger - Using 'UTF-8' encoding to copy filtered properties files.
2024-06-18 12:23:34,259 [Worker-61] INFO  o.e.m.c.i.embedder.EclipseLogger - Copying 1 resource
2024-06-18 12:23:34,314 [Worker-61] INFO  o.e.m.c.i.embedder.EclipseLogger - Copying 0 resource
2024-06-18 12:23:34,317 [Worker-61] INFO  o.e.m.c.i.embedder.EclipseLogger - Using 'UTF-8' encoding to copy filtered resources.
2024-06-18 12:23:34,317 [Worker-61] INFO  o.e.m.c.i.embedder.EclipseLogger - Using 'UTF-8' encoding to copy filtered properties files.
2024-06-18 12:23:34,317 [Worker-61] INFO  o.e.m.c.i.embedder.EclipseLogger - skip non existing resourceDirectory C:\Users\USER\Desktop\INVENTORY-NEXUS\Backend\Store_Pro\nexux\src\test\resources
2024-06-18 12:23:38,863 [Worker-55] INFO  o.e.m.c.i.embedder.EclipseLogger - Using 'UTF-8' encoding to copy filtered resources.
2024-06-18 12:23:38,863 [Worker-55] INFO  o.e.m.c.i.embedder.EclipseLogger - Using 'UTF-8' encoding to copy filtered properties files.
2024-06-18 12:23:38,865 [Worker-55] INFO  o.e.m.c.i.embedder.EclipseLogger - Copying 1 resource
2024-06-18 12:23:38,919 [Worker-55] INFO  o.e.m.c.i.embedder.EclipseLogger - Copying 0 resource
2024-06-18 12:23:38,922 [Worker-55] INFO  o.e.m.c.i.embedder.EclipseLogger - Using 'UTF-8' encoding to copy filtered resources.
2024-06-18 12:23:38,922 [Worker-55] INFO  o.e.m.c.i.embedder.EclipseLogger - Using 'UTF-8' encoding to copy filtered properties files.
2024-06-18 12:23:38,922 [Worker-55] INFO  o.e.m.c.i.embedder.EclipseLogger - skip non existing resourceDirectory C:\Users\USER\Desktop\INVENTORY-NEXUS\Backend\Store_Pro\nexux\src\test\resources
2024-06-18 12:23:49,464 [Worker-56] INFO  o.e.m.c.i.embedder.EclipseLogger - Using 'UTF-8' encoding to copy filtered resources.
2024-06-18 12:23:49,464 [Worker-56] INFO  o.e.m.c.i.embedder.EclipseLogger - Using 'UTF-8' encoding to copy filtered properties files.
2024-06-18 12:23:49,466 [Worker-56] INFO  o.e.m.c.i.embedder.EclipseLogger - Copying 1 resource
2024-06-18 12:23:49,512 [Worker-56] INFO  o.e.m.c.i.embedder.EclipseLogger - Copying 0 resource
2024-06-18 12:23:49,515 [Worker-56] INFO  o.e.m.c.i.embedder.EclipseLogger - Using 'UTF-8' encoding to copy filtered resources.
2024-06-18 12:23:49,516 [Worker-56] INFO  o.e.m.c.i.embedder.EclipseLogger - Using 'UTF-8' encoding to copy filtered properties files.
2024-06-18 12:23:49,516 [Worker-56] INFO  o.e.m.c.i.embedder.EclipseLogger - skip non existing resourceDirectory C:\Users\USER\Desktop\INVENTORY-NEXUS\Backend\Store_Pro\nexux\src\test\resources
2024-06-18 12:23:55,167 [Worker-61] INFO  o.e.m.c.i.embedder.EclipseLogger - Using 'UTF-8' encoding to copy filtered resources.
2024-06-18 12:23:55,169 [Worker-61] INFO  o.e.m.c.i.embedder.EclipseLogger - Using 'UTF-8' encoding to copy filtered properties files.
2024-06-18 12:23:55,170 [Worker-61] INFO  o.e.m.c.i.embedder.EclipseLogger - Copying 1 resource
2024-06-18 12:23:55,205 [Worker-61] INFO  o.e.m.c.i.embedder.EclipseLogger - Copying 0 resource
2024-06-18 12:23:55,209 [Worker-61] INFO  o.e.m.c.i.embedder.EclipseLogger - Using 'UTF-8' encoding to copy filtered resources.
2024-06-18 12:23:55,209 [Worker-61] INFO  o.e.m.c.i.embedder.EclipseLogger - Using 'UTF-8' encoding to copy filtered properties files.
2024-06-18 12:23:55,209 [Worker-61] INFO  o.e.m.c.i.embedder.EclipseLogger - skip non existing resourceDirectory C:\Users\USER\Desktop\INVENTORY-NEXUS\Backend\Store_Pro\nexux\src\test\resources
2024-06-18 12:24:01,615 [Worker-56] INFO  o.e.m.c.i.embedder.EclipseLogger - Using 'UTF-8' encoding to copy filtered resources.
2024-06-18 12:24:01,615 [Worker-56] INFO  o.e.m.c.i.embedder.EclipseLogger - Using 'UTF-8' encoding to copy filtered properties files.
2024-06-18 12:24:01,618 [Worker-56] INFO  o.e.m.c.i.embedder.EclipseLogger - Copying 1 resource
2024-06-18 12:24:01,626 [Worker-56] INFO  o.e.m.c.i.embedder.EclipseLogger - Copying 0 resource
2024-06-18 12:24:01,628 [Worker-56] INFO  o.e.m.c.i.embedder.EclipseLogger - Using 'UTF-8' encoding to copy filtered resources.
2024-06-18 12:24:01,628 [Worker-56] INFO  o.e.m.c.i.embedder.EclipseLogger - Using 'UTF-8' encoding to copy filtered properties files.
2024-06-18 12:24:01,629 [Worker-56] INFO  o.e.m.c.i.embedder.EclipseLogger - skip non existing resourceDirectory C:\Users\USER\Desktop\INVENTORY-NEXUS\Backend\Store_Pro\nexux\src\test\resources
2024-06-18 12:24:06,795 [Worker-57] INFO  o.e.m.c.i.embedder.EclipseLogger - Using 'UTF-8' encoding to copy filtered resources.
2024-06-18 12:24:06,796 [Worker-57] INFO  o.e.m.c.i.embedder.EclipseLogger - Using 'UTF-8' encoding to copy filtered properties files.
2024-06-18 12:24:06,797 [Worker-57] INFO  o.e.m.c.i.embedder.EclipseLogger - Copying 1 resource
2024-06-18 12:24:06,827 [Worker-57] INFO  o.e.m.c.i.embedder.EclipseLogger - Copying 0 resource
2024-06-18 12:24:06,832 [Worker-57] INFO  o.e.m.c.i.embedder.EclipseLogger - Using 'UTF-8' encoding to copy filtered resources.
2024-06-18 12:24:06,833 [Worker-57] INFO  o.e.m.c.i.embedder.EclipseLogger - Using 'UTF-8' encoding to copy filtered properties files.
2024-06-18 12:24:06,834 [Worker-57] INFO  o.e.m.c.i.embedder.EclipseLogger - skip non existing resourceDirectory C:\Users\USER\Desktop\INVENTORY-NEXUS\Backend\Store_Pro\nexux\src\test\resources
2024-06-18 12:24:11,400 [Worker-57] INFO  o.e.m.c.i.embedder.EclipseLogger - Using 'UTF-8' encoding to copy filtered resources.
2024-06-18 12:24:11,400 [Worker-57] INFO  o.e.m.c.i.embedder.EclipseLogger - Using 'UTF-8' encoding to copy filtered properties files.
2024-06-18 12:24:11,401 [Worker-57] INFO  o.e.m.c.i.embedder.EclipseLogger - Copying 1 resource
2024-06-18 12:24:11,447 [Worker-57] INFO  o.e.m.c.i.embedder.EclipseLogger - Copying 0 resource
2024-06-18 12:24:11,449 [Worker-57] INFO  o.e.m.c.i.embedder.EclipseLogger - Using 'UTF-8' encoding to copy filtered resources.
2024-06-18 12:24:11,449 [Worker-57] INFO  o.e.m.c.i.embedder.EclipseLogger - Using 'UTF-8' encoding to copy filtered properties files.
2024-06-18 12:24:11,449 [Worker-57] INFO  o.e.m.c.i.embedder.EclipseLogger - skip non existing resourceDirectory C:\Users\USER\Desktop\INVENTORY-NEXUS\Backend\Store_Pro\nexux\src\test\resources
2024-06-18 12:25:32,680 [Worker-57] INFO  o.e.m.c.i.embedder.EclipseLogger - Using 'UTF-8' encoding to copy filtered resources.
2024-06-18 12:25:32,680 [Worker-57] INFO  o.e.m.c.i.embedder.EclipseLogger - Using 'UTF-8' encoding to copy filtered properties files.
2024-06-18 12:25:32,682 [Worker-57] INFO  o.e.m.c.i.embedder.EclipseLogger - Copying 1 resource
2024-06-18 12:25:32,690 [Worker-57] INFO  o.e.m.c.i.embedder.EclipseLogger - Copying 0 resource
2024-06-18 12:25:32,695 [Worker-57] INFO  o.e.m.c.i.embedder.EclipseLogger - Using 'UTF-8' encoding to copy filtered resources.
2024-06-18 12:25:32,695 [Worker-57] INFO  o.e.m.c.i.embedder.EclipseLogger - Using 'UTF-8' encoding to copy filtered properties files.
2024-06-18 12:25:32,695 [Worker-57] INFO  o.e.m.c.i.embedder.EclipseLogger - skip non existing resourceDirectory C:\Users\USER\Desktop\INVENTORY-NEXUS\Backend\Store_Pro\nexux\src\test\resources
2024-06-18 12:25:57,973 [Worker-58] INFO  o.e.m.c.i.embedder.EclipseLogger - Using 'UTF-8' encoding to copy filtered resources.
2024-06-18 12:25:57,973 [Worker-58] INFO  o.e.m.c.i.embedder.EclipseLogger - Using 'UTF-8' encoding to copy filtered properties files.
2024-06-18 12:25:57,975 [Worker-58] INFO  o.e.m.c.i.embedder.EclipseLogger - Copying 1 resource
2024-06-18 12:25:58,033 [Worker-58] INFO  o.e.m.c.i.embedder.EclipseLogger - Copying 0 resource
2024-06-18 12:25:58,044 [Worker-58] INFO  o.e.m.c.i.embedder.EclipseLogger - Using 'UTF-8' encoding to copy filtered resources.
2024-06-18 12:25:58,045 [Worker-58] INFO  o.e.m.c.i.embedder.EclipseLogger - Using 'UTF-8' encoding to copy filtered properties files.
2024-06-18 12:25:58,045 [Worker-58] INFO  o.e.m.c.i.embedder.EclipseLogger - skip non existing resourceDirectory C:\Users\USER\Desktop\INVENTORY-NEXUS\Backend\Store_Pro\nexux\src\test\resources
2024-06-18 12:26:02,965 [Worker-63] INFO  o.e.m.c.i.embedder.EclipseLogger - Using 'UTF-8' encoding to copy filtered resources.
2024-06-18 12:26:02,966 [Worker-63] INFO  o.e.m.c.i.embedder.EclipseLogger - Using 'UTF-8' encoding to copy filtered properties files.
2024-06-18 12:26:02,967 [Worker-63] INFO  o.e.m.c.i.embedder.EclipseLogger - Copying 1 resource
2024-06-18 12:26:02,976 [Worker-63] INFO  o.e.m.c.i.embedder.EclipseLogger - Copying 0 resource
2024-06-18 12:26:02,978 [Worker-63] INFO  o.e.m.c.i.embedder.EclipseLogger - Using 'UTF-8' encoding to copy filtered resources.
2024-06-18 12:26:02,979 [Worker-63] INFO  o.e.m.c.i.embedder.EclipseLogger - Using 'UTF-8' encoding to copy filtered properties files.
2024-06-18 12:26:02,979 [Worker-63] INFO  o.e.m.c.i.embedder.EclipseLogger - skip non existing resourceDirectory C:\Users\USER\Desktop\INVENTORY-NEXUS\Backend\Store_Pro\nexux\src\test\resources
2024-06-18 12:26:26,027 [Worker-56] INFO  o.e.m.c.i.embedder.EclipseLogger - Using 'UTF-8' encoding to copy filtered resources.
2024-06-18 12:26:26,027 [Worker-56] INFO  o.e.m.c.i.embedder.EclipseLogger - Using 'UTF-8' encoding to copy filtered properties files.
2024-06-18 12:26:26,028 [Worker-56] INFO  o.e.m.c.i.embedder.EclipseLogger - Copying 1 resource
2024-06-18 12:26:26,038 [Worker-56] INFO  o.e.m.c.i.embedder.EclipseLogger - Copying 0 resource
2024-06-18 12:26:26,044 [Worker-56] INFO  o.e.m.c.i.embedder.EclipseLogger - Using 'UTF-8' encoding to copy filtered resources.
2024-06-18 12:26:26,044 [Worker-56] INFO  o.e.m.c.i.embedder.EclipseLogger - Using 'UTF-8' encoding to copy filtered properties files.
2024-06-18 12:26:26,044 [Worker-56] INFO  o.e.m.c.i.embedder.EclipseLogger - skip non existing resourceDirectory C:\Users\USER\Desktop\INVENTORY-NEXUS\Backend\Store_Pro\nexux\src\test\resources
2024-06-18 12:26:54,725 [Worker-58] INFO  o.e.m.c.i.embedder.EclipseLogger - Using 'UTF-8' encoding to copy filtered resources.
2024-06-18 12:26:54,725 [Worker-58] INFO  o.e.m.c.i.embedder.EclipseLogger - Using 'UTF-8' encoding to copy filtered properties files.
2024-06-18 12:26:54,729 [Worker-58] INFO  o.e.m.c.i.embedder.EclipseLogger - Copying 1 resource
2024-06-18 12:26:54,773 [Worker-58] INFO  o.e.m.c.i.embedder.EclipseLogger - Copying 0 resource
2024-06-18 12:26:54,780 [Worker-58] INFO  o.e.m.c.i.embedder.EclipseLogger - Using 'UTF-8' encoding to copy filtered resources.
2024-06-18 12:26:54,780 [Worker-58] INFO  o.e.m.c.i.embedder.EclipseLogger - Using 'UTF-8' encoding to copy filtered properties files.
2024-06-18 12:26:54,780 [Worker-58] INFO  o.e.m.c.i.embedder.EclipseLogger - skip non existing resourceDirectory C:\Users\USER\Desktop\INVENTORY-NEXUS\Backend\Store_Pro\nexux\src\test\resources
2024-06-18 12:27:36,088 [Worker-59] INFO  o.e.m.c.i.embedder.EclipseLogger - Using 'UTF-8' encoding to copy filtered resources.
2024-06-18 12:27:36,088 [Worker-59] INFO  o.e.m.c.i.embedder.EclipseLogger - Using 'UTF-8' encoding to copy filtered properties files.
2024-06-18 12:27:36,089 [Worker-59] INFO  o.e.m.c.i.embedder.EclipseLogger - Copying 1 resource
2024-06-18 12:27:36,098 [Worker-59] INFO  o.e.m.c.i.embedder.EclipseLogger - Copying 0 resource
2024-06-18 12:27:36,100 [Worker-59] INFO  o.e.m.c.i.embedder.EclipseLogger - Using 'UTF-8' encoding to copy filtered resources.
2024-06-18 12:27:36,101 [Worker-59] INFO  o.e.m.c.i.embedder.EclipseLogger - Using 'UTF-8' encoding to copy filtered properties files.
2024-06-18 12:27:36,101 [Worker-59] INFO  o.e.m.c.i.embedder.EclipseLogger - skip non existing resourceDirectory C:\Users\USER\Desktop\INVENTORY-NEXUS\Backend\Store_Pro\nexux\src\test\resources
2024-06-18 12:27:40,391 [Worker-58] INFO  o.e.m.c.i.embedder.EclipseLogger - Using 'UTF-8' encoding to copy filtered resources.
2024-06-18 12:27:40,391 [Worker-58] INFO  o.e.m.c.i.embedder.EclipseLogger - Using 'UTF-8' encoding to copy filtered properties files.
2024-06-18 12:27:40,392 [Worker-58] INFO  o.e.m.c.i.embedder.EclipseLogger - Copying 1 resource
2024-06-18 12:27:40,399 [Worker-58] INFO  o.e.m.c.i.embedder.EclipseLogger - Copying 0 resource
2024-06-18 12:27:40,402 [Worker-58] INFO  o.e.m.c.i.embedder.EclipseLogger - Using 'UTF-8' encoding to copy filtered resources.
2024-06-18 12:27:40,402 [Worker-58] INFO  o.e.m.c.i.embedder.EclipseLogger - Using 'UTF-8' encoding to copy filtered properties files.
2024-06-18 12:27:40,403 [Worker-58] INFO  o.e.m.c.i.embedder.EclipseLogger - skip non existing resourceDirectory C:\Users\USER\Desktop\INVENTORY-NEXUS\Backend\Store_Pro\nexux\src\test\resources
2024-06-18 12:27:44,494 [Worker-63] INFO  o.e.m.c.i.embedder.EclipseLogger - Using 'UTF-8' encoding to copy filtered resources.
2024-06-18 12:27:44,494 [Worker-63] INFO  o.e.m.c.i.embedder.EclipseLogger - Using 'UTF-8' encoding to copy filtered properties files.
2024-06-18 12:27:44,496 [Worker-63] INFO  o.e.m.c.i.embedder.EclipseLogger - Copying 1 resource
2024-06-18 12:27:44,505 [Worker-63] INFO  o.e.m.c.i.embedder.EclipseLogger - Copying 0 resource
2024-06-18 12:27:44,508 [Worker-63] INFO  o.e.m.c.i.embedder.EclipseLogger - Using 'UTF-8' encoding to copy filtered resources.
2024-06-18 12:27:44,509 [Worker-63] INFO  o.e.m.c.i.embedder.EclipseLogger - Using 'UTF-8' encoding to copy filtered properties files.
2024-06-18 12:27:44,509 [Worker-63] INFO  o.e.m.c.i.embedder.EclipseLogger - skip non existing resourceDirectory C:\Users\USER\Desktop\INVENTORY-NEXUS\Backend\Store_Pro\nexux\src\test\resources
2024-06-18 12:27:52,783 [Worker-56] INFO  o.e.m.c.i.embedder.EclipseLogger - Using 'UTF-8' encoding to copy filtered resources.
2024-06-18 12:27:52,783 [Worker-56] INFO  o.e.m.c.i.embedder.EclipseLogger - Using 'UTF-8' encoding to copy filtered properties files.
2024-06-18 12:27:52,785 [Worker-56] INFO  o.e.m.c.i.embedder.EclipseLogger - Copying 1 resource
2024-06-18 12:27:52,817 [Worker-56] INFO  o.e.m.c.i.embedder.EclipseLogger - Copying 0 resource
2024-06-18 12:27:52,822 [Worker-56] INFO  o.e.m.c.i.embedder.EclipseLogger - Using 'UTF-8' encoding to copy filtered resources.
2024-06-18 12:27:52,822 [Worker-56] INFO  o.e.m.c.i.embedder.EclipseLogger - Using 'UTF-8' encoding to copy filtered properties files.
2024-06-18 12:27:52,823 [Worker-56] INFO  o.e.m.c.i.embedder.EclipseLogger - skip non existing resourceDirectory C:\Users\USER\Desktop\INVENTORY-NEXUS\Backend\Store_Pro\nexux\src\test\resources
2024-06-18 12:28:57,585 [Worker-57] INFO  o.e.m.c.i.embedder.EclipseLogger - Using 'UTF-8' encoding to copy filtered resources.
2024-06-18 12:28:57,585 [Worker-57] INFO  o.e.m.c.i.embedder.EclipseLogger - Using 'UTF-8' encoding to copy filtered properties files.
2024-06-18 12:28:57,588 [Worker-57] INFO  o.e.m.c.i.embedder.EclipseLogger - Copying 1 resource
2024-06-18 12:28:57,603 [Worker-57] INFO  o.e.m.c.i.embedder.EclipseLogger - Copying 0 resource
2024-06-18 12:28:57,605 [Worker-57] INFO  o.e.m.c.i.embedder.EclipseLogger - Using 'UTF-8' encoding to copy filtered resources.
2024-06-18 12:28:57,606 [Worker-57] INFO  o.e.m.c.i.embedder.EclipseLogger - Using 'UTF-8' encoding to copy filtered properties files.
2024-06-18 12:28:57,606 [Worker-57] INFO  o.e.m.c.i.embedder.EclipseLogger - skip non existing resourceDirectory C:\Users\USER\Desktop\INVENTORY-NEXUS\Backend\Store_Pro\nexux\src\test\resources
2024-06-18 12:29:02,200 [Worker-57] INFO  o.e.m.c.i.embedder.EclipseLogger - Using 'UTF-8' encoding to copy filtered resources.
2024-06-18 12:29:02,201 [Worker-57] INFO  o.e.m.c.i.embedder.EclipseLogger - Using 'UTF-8' encoding to copy filtered properties files.
2024-06-18 12:29:02,206 [Worker-57] INFO  o.e.m.c.i.embedder.EclipseLogger - Copying 1 resource
2024-06-18 12:29:02,237 [Worker-57] INFO  o.e.m.c.i.embedder.EclipseLogger - Copying 0 resource
2024-06-18 12:29:02,243 [Worker-57] INFO  o.e.m.c.i.embedder.EclipseLogger - Using 'UTF-8' encoding to copy filtered resources.
2024-06-18 12:29:02,243 [Worker-57] INFO  o.e.m.c.i.embedder.EclipseLogger - Using 'UTF-8' encoding to copy filtered properties files.
2024-06-18 12:29:02,244 [Worker-57] INFO  o.e.m.c.i.embedder.EclipseLogger - skip non existing resourceDirectory C:\Users\USER\Desktop\INVENTORY-NEXUS\Backend\Store_Pro\nexux\src\test\resources
2024-06-18 12:29:05,495 [Worker-56] INFO  o.e.m.c.i.embedder.EclipseLogger - Using 'UTF-8' encoding to copy filtered resources.
2024-06-18 12:29:05,495 [Worker-56] INFO  o.e.m.c.i.embedder.EclipseLogger - Using 'UTF-8' encoding to copy filtered properties files.
2024-06-18 12:29:05,497 [Worker-56] INFO  o.e.m.c.i.embedder.EclipseLogger - Copying 1 resource
2024-06-18 12:29:05,508 [Worker-56] INFO  o.e.m.c.i.embedder.EclipseLogger - Copying 0 resource
2024-06-18 12:29:05,511 [Worker-56] INFO  o.e.m.c.i.embedder.EclipseLogger - Using 'UTF-8' encoding to copy filtered resources.
2024-06-18 12:29:05,511 [Worker-56] INFO  o.e.m.c.i.embedder.EclipseLogger - Using 'UTF-8' encoding to copy filtered properties files.
2024-06-18 12:29:05,511 [Worker-56] INFO  o.e.m.c.i.embedder.EclipseLogger - skip non existing resourceDirectory C:\Users\USER\Desktop\INVENTORY-NEXUS\Backend\Store_Pro\nexux\src\test\resources
2024-06-18 12:29:11,772 [Worker-56] INFO  o.e.m.c.i.embedder.EclipseLogger - Using 'UTF-8' encoding to copy filtered resources.
2024-06-18 12:29:11,772 [Worker-56] INFO  o.e.m.c.i.embedder.EclipseLogger - Using 'UTF-8' encoding to copy filtered properties files.
2024-06-18 12:29:11,773 [Worker-56] INFO  o.e.m.c.i.embedder.EclipseLogger - Copying 1 resource
2024-06-18 12:29:11,794 [Worker-56] INFO  o.e.m.c.i.embedder.EclipseLogger - Copying 0 resource
2024-06-18 12:29:11,797 [Worker-56] INFO  o.e.m.c.i.embedder.EclipseLogger - Using 'UTF-8' encoding to copy filtered resources.
2024-06-18 12:29:11,797 [Worker-56] INFO  o.e.m.c.i.embedder.EclipseLogger - Using 'UTF-8' encoding to copy filtered properties files.
2024-06-18 12:29:11,798 [Worker-56] INFO  o.e.m.c.i.embedder.EclipseLogger - skip non existing resourceDirectory C:\Users\USER\Desktop\INVENTORY-NEXUS\Backend\Store_Pro\nexux\src\test\resources
2024-06-18 12:29:18,647 [Worker-56] INFO  o.e.m.c.i.embedder.EclipseLogger - Using 'UTF-8' encoding to copy filtered resources.
2024-06-18 12:29:18,647 [Worker-56] INFO  o.e.m.c.i.embedder.EclipseLogger - Using 'UTF-8' encoding to copy filtered properties files.
2024-06-18 12:29:18,648 [Worker-56] INFO  o.e.m.c.i.embedder.EclipseLogger - Copying 1 resource
2024-06-18 12:29:18,683 [Worker-56] INFO  o.e.m.c.i.embedder.EclipseLogger - Copying 0 resource
2024-06-18 12:29:18,686 [Worker-56] INFO  o.e.m.c.i.embedder.EclipseLogger - Using 'UTF-8' encoding to copy filtered resources.
2024-06-18 12:29:18,686 [Worker-56] INFO  o.e.m.c.i.embedder.EclipseLogger - Using 'UTF-8' encoding to copy filtered properties files.
2024-06-18 12:29:18,686 [Worker-56] INFO  o.e.m.c.i.embedder.EclipseLogger - skip non existing resourceDirectory C:\Users\USER\Desktop\INVENTORY-NEXUS\Backend\Store_Pro\nexux\src\test\resources
2024-06-18 12:35:30,290 [Worker-12] INFO  o.e.m.c.i.embedder.EclipseLogger - Using 'UTF-8' encoding to copy filtered resources.
2024-06-18 12:35:30,297 [Worker-12] INFO  o.e.m.c.i.embedder.EclipseLogger - Using 'UTF-8' encoding to copy filtered properties files.
2024-06-18 12:35:30,304 [Worker-12] INFO  o.e.m.c.i.embedder.EclipseLogger - Copying 1 resource
2024-06-18 12:35:30,349 [Worker-12] INFO  o.e.m.c.i.embedder.EclipseLogger - Copying 0 resource
2024-06-18 12:35:30,355 [Worker-12] INFO  o.e.m.c.i.embedder.EclipseLogger - Using 'UTF-8' encoding to copy filtered resources.
2024-06-18 12:35:30,355 [Worker-12] INFO  o.e.m.c.i.embedder.EclipseLogger - Using 'UTF-8' encoding to copy filtered properties files.
2024-06-18 12:35:30,355 [Worker-12] INFO  o.e.m.c.i.embedder.EclipseLogger - skip non existing resourceDirectory C:\Users\USER\Desktop\INVENTORY-NEXUS\Backend\Store_Pro\nexux\src\test\resources
2024-06-18 12:35:48,505 [Worker-2] INFO  o.e.m.c.i.embedder.EclipseLogger - Using 'UTF-8' encoding to copy filtered resources.
2024-06-18 12:35:48,507 [Worker-2] INFO  o.e.m.c.i.embedder.EclipseLogger - Using 'UTF-8' encoding to copy filtered properties files.
2024-06-18 12:35:48,512 [Worker-2] INFO  o.e.m.c.i.embedder.EclipseLogger - Copying 1 resource
2024-06-18 12:35:48,539 [Worker-2] INFO  o.e.m.c.i.embedder.EclipseLogger - Copying 0 resource
2024-06-18 12:35:48,543 [Worker-2] INFO  o.e.m.c.i.embedder.EclipseLogger - Using 'UTF-8' encoding to copy filtered resources.
2024-06-18 12:35:48,543 [Worker-2] INFO  o.e.m.c.i.embedder.EclipseLogger - Using 'UTF-8' encoding to copy filtered properties files.
2024-06-18 12:35:48,544 [Worker-2] INFO  o.e.m.c.i.embedder.EclipseLogger - skip non existing resourceDirectory C:\Users\USER\Desktop\INVENTORY-NEXUS\Backend\Store_Pro\nexux\src\test\resources
